===========================================
<<<--- Received Sticky !

win95.bearsoft.com
Note # 1 @ Sun Nov 10 16:48:07 1996

B Software WIN95
===========================================
===========================================
<<<--- Received Sticky !

win95.bearsoft.com
Note # 1 @ Sun Nov 10 16:51:06 1996

B Software WIN95
===========================================
===========================================
<<<--- Received Sticky !

win95.bearsoft.com
Note # 1 @ Sun Nov 10 16:53:16 1996

B Software WIN95
===========================================
===========================================
<<<--- Received Sticky !

win95.bearsoft.com
Note # 1 @ Sun Nov 10 17:06:16 1996

06.119.6.100
===========================================
